# JRE version: OpenJDK Runtime Environment (8.0_152-b01) (build 1.8.0_152-release-915-b01)
# Java VM: OpenJDK 64-Bit Server VM (25.152-b01 mixed mode windows-amd64 compressed oops)
Heap:
 PSYoungGen      total 275456K, used 190781K [0x00000000e0000000, 0x00000000f3580000, 0x0000000100000000)
  eden space 243200K, 65% used [0x00000000e0000000,0x00000000e9b934f0,0x00000000eed80000)
  from space 32256K, 97% used [0x00000000f1400000,0x00000000f32bc110,0x00000000f3380000)
  to   space 36864K, 0% used [0x00000000eed80000,0x00000000eed80000,0x00000000f1180000)
 ParOldGen       total 173056K, used 53672K [0x00000000a0000000, 0x00000000aa900000, 0x00000000e0000000)
  object space 173056K, 31% used [0x00000000a0000000,0x00000000a346a138,0x00000000aa900000)
 Metaspace       used 69764K, capacity 72364K, committed 72536K, reserved 1112064K
  class space    used 8952K, capacity 9534K, committed 9600K, reserved 1048576K
GC Heap History (10 events):
Event: 18.853 GC heap before
{Heap before GC invocations=13 (full 2):
 PSYoungGen      total 168960K, used 168933K [0x00000000e0000000, 0x00000000ec680000, 0x0000000100000000)
  eden space 153600K, 100% used [0x00000000e0000000,0x00000000e9600000,0x00000000e9600000)
  from space 15360K, 99% used [0x00000000ea980000,0x00000000eb8794d0,0x00000000eb880000)
  to   space 19968K, 0% used [0x00000000e9600000,0x00000000e9600000,0x00000000ea980000)
 ParOldGen       total 108032K, used 26858K [0x00000000a0000000, 0x00000000a6980000, 0x00000000e0000000)
  object space 108032K, 24% used [0x00000000a0000000,0x00000000a1a3aa18,0x00000000a6980000)
 Metaspace       used 55037K, capacity 56926K, committed 57048K, reserved 1097728K
  class space    used 7417K, capacity 7875K, committed 7936K, reserved 1048576K
Event: 18.985 GC heap after
Heap after GC invocations=13 (full 2):
 PSYoungGen      total 173568K, used 19957K [0x00000000e0000000, 0x00000000ef100000, 0x0000000100000000)
  eden space 153600K, 0% used [0x00000000e0000000,0x00000000e0000000,0x00000000e9600000)
  from space 19968K, 99% used [0x00000000e9600000,0x00000000ea97d4e0,0x00000000ea980000)
  to   space 24576K, 0% used [0x00000000ed900000,0x00000000ed900000,0x00000000ef100000)
 ParOldGen       total 108032K, used 32352K [0x00000000a0000000, 0x00000000a6980000, 0x00000000e0000000)
  object space 108032K, 29% used [0x00000000a0000000,0x00000000a1f982e0,0x00000000a6980000)
 Metaspace       used 55037K, capacity 56926K, committed 57048K, reserved 1097728K
  class space    used 7417K, capacity 7875K, committed 7936K, reserved 1048576K
}
Event: 19.520 GC heap before
{Heap before GC invocations=14 (full 2):
 PSYoungGen      total 173568K, used 56154K [0x00000000e0000000, 0x00000000ef100000, 0x0000000100000000)
  eden space 153600K, 23% used [0x00000000e0000000,0x00000000e2359358,0x00000000e9600000)
  from space 19968K, 99% used [0x00000000e9600000,0x00000000ea97d4e0,0x00000000ea980000)
  to   space 24576K, 0% used [0x00000000ed900000,0x00000000ed900000,0x00000000ef100000)
 ParOldGen       total 108032K, used 32352K [0x00000000a0000000, 0x00000000a6980000, 0x00000000e0000000)
  object space 108032K, 29% used [0x00000000a0000000,0x00000000a1f982e0,0x00000000a6980000)
 Metaspace       used 56987K, capacity 58904K, committed 59028K, reserved 1099776K
  class space    used 7695K, capacity 8172K, committed 8192K, reserved 1048576K
Event: 19.565 GC heap after
Heap after GC invocations=14 (full 2):
 PSYoungGen      total 215552K, used 24565K [0x00000000e0000000, 0x00000000f0b00000, 0x0000000100000000)
  eden space 190976K, 0% used [0x00000000e0000000,0x00000000e0000000,0x00000000eba80000)
  from space 24576K, 99% used [0x00000000ed900000,0x00000000ef0fd500,0x00000000ef100000)
  to   space 31232K, 0% used [0x00000000eba80000,0x00000000eba80000,0x00000000ed900000)
 ParOldGen       total 108032K, used 41070K [0x00000000a0000000, 0x00000000a6980000, 0x00000000e0000000)
  object space 108032K, 38% used [0x00000000a0000000,0x00000000a281b9e8,0x00000000a6980000)
 Metaspace       used 56987K, capacity 58904K, committed 59028K, reserved 1099776K
  class space    used 7695K, capacity 8172K, committed 8192K, reserved 1048576K
}
Event: 19.565 GC heap before
{Heap before GC invocations=15 (full 3):
 PSYoungGen      total 215552K, used 24565K [0x00000000e0000000, 0x00000000f0b00000, 0x0000000100000000)
  eden space 190976K, 0% used [0x00000000e0000000,0x00000000e0000000,0x00000000eba80000)
  from space 24576K, 99% used [0x00000000ed900000,0x00000000ef0fd500,0x00000000ef100000)
  to   space 31232K, 0% used [0x00000000eba80000,0x00000000eba80000,0x00000000ed900000)
 ParOldGen       total 108032K, used 41070K [0x00000000a0000000, 0x00000000a6980000, 0x00000000e0000000)
  object space 108032K, 38% used [0x00000000a0000000,0x00000000a281b9e8,0x00000000a6980000)
 Metaspace       used 56987K, capacity 58904K, committed 59028K, reserved 1099776K
  class space    used 7695K, capacity 8172K, committed 8192K, reserved 1048576K
Event: 20.005 GC heap after
Heap after GC invocations=15 (full 3):
 PSYoungGen      total 215552K, used 0K [0x00000000e0000000, 0x00000000f0b00000, 0x0000000100000000)
  eden space 190976K, 0% used [0x00000000e0000000,0x00000000e0000000,0x00000000eba80000)
  from space 24576K, 0% used [0x00000000ed900000,0x00000000ed900000,0x00000000ef100000)
  to   space 31232K, 0% used [0x00000000eba80000,0x00000000eba80000,0x00000000ed900000)
 ParOldGen       total 173056K, used 53656K [0x00000000a0000000, 0x00000000aa900000, 0x00000000e0000000)
  object space 173056K, 31% used [0x00000000a0000000,0x00000000a3466138,0x00000000aa900000)
 Metaspace       used 56987K, capacity 58904K, committed 59028K, reserved 1099776K
  class space    used 7695K, capacity 8172K, committed 8192K, reserved 1048576K
}
Event: 23.239 GC heap before
{Heap before GC invocations=16 (full 3):
 PSYoungGen      total 215552K, used 190976K [0x00000000e0000000, 0x00000000f0b00000, 0x0000000100000000)
  eden space 190976K, 100% used [0x00000000e0000000,0x00000000eba80000,0x00000000eba80000)
  from space 24576K, 0% used [0x00000000ed900000,0x00000000ed900000,0x00000000ef100000)
  to   space 31232K, 0% used [0x00000000eba80000,0x00000000eba80000,0x00000000ed900000)
 ParOldGen       total 173056K, used 53656K [0x00000000a0000000, 0x00000000aa900000, 0x00000000e0000000)
  object space 173056K, 31% used [0x00000000a0000000,0x00000000a3466138,0x00000000aa900000)
 Metaspace       used 61821K, capacity 63784K, committed 63960K, reserved 1103872K
  class space    used 8192K, capacity 8688K, committed 8704K, reserved 1048576K
Event: 23.282 GC heap after
Heap after GC invocations=16 (full 3):
 PSYoungGen      total 222208K, used 21586K [0x00000000e0000000, 0x00000000f3380000, 0x0000000100000000)
  eden space 190976K, 0% used [0x00000000e0000000,0x00000000e0000000,0x00000000eba80000)
  from space 31232K, 69% used [0x00000000eba80000,0x00000000ecf94a90,0x00000000ed900000)
  to   space 32256K, 0% used [0x00000000f1400000,0x00000000f1400000,0x00000000f3380000)
 ParOldGen       total 173056K, used 53664K [0x00000000a0000000, 0x00000000aa900000, 0x00000000e0000000)
  object space 173056K, 31% used [0x00000000a0000000,0x00000000a3468138,0x00000000aa900000)
 Metaspace       used 61821K, capacity 63784K, committed 63960K, reserved 1103872K
  class space    used 8192K, capacity 8688K, committed 8704K, reserved 1048576K
}
Event: 51.065 GC heap before
{Heap before GC invocations=17 (full 3):
 PSYoungGen      total 222208K, used 212562K [0x00000000e0000000, 0x00000000f3380000, 0x0000000100000000)
  eden space 190976K, 100% used [0x00000000e0000000,0x00000000eba80000,0x00000000eba80000)
  from space 31232K, 69% used [0x00000000eba80000,0x00000000ecf94a90,0x00000000ed900000)
  to   space 32256K, 0% used [0x00000000f1400000,0x00000000f1400000,0x00000000f3380000)
 ParOldGen       total 173056K, used 53664K [0x00000000a0000000, 0x00000000aa900000, 0x00000000e0000000)
  object space 173056K, 31% used [0x00000000a0000000,0x00000000a3468138,0x00000000aa900000)
 Metaspace       used 69349K, capacity 71844K, committed 72024K, reserved 1112064K
  class space    used 8944K, capacity 9522K, committed 9600K, reserved 1048576K
Event: 51.174 GC heap after
Heap after GC invocations=17 (full 3):
 PSYoungGen      total 275456K, used 31472K [0x00000000e0000000, 0x00000000f3580000, 0x0000000100000000)
  eden space 243200K, 0% used [0x00000000e0000000,0x00000000e0000000,0x00000000eed80000)
  from space 32256K, 97% used [0x00000000f1400000,0x00000000f32bc110,0x00000000f3380000)
  to   space 36864K, 0% used [0x00000000eed80000,0x00000000eed80000,0x00000000f1180000)
 ParOldGen       total 173056K, used 53672K [0x00000000a0000000, 0x00000000aa900000, 0x00000000e0000000)
  object space 173056K, 31% used [0x00000000a0000000,0x00000000a346a138,0x00000000aa900000)
 Metaspace       used 69349K, capacity 71844K, committed 72024K, reserved 1112064K
  class space    used 8944K, capacity 9522K, committed 9600K, reserved 1048576K
}

